# JRE version: OpenJDK Runtime Environment (21.0.4) (build 21.0.4+-12508038-b607.1)
# Java VM: OpenJDK 64-Bit Server VM (21.0.4+-12508038-b607.1, mixed mode, tiered, compressed oops, compressed class ptrs, g1 gc, windows-amd64)
GC Precious Log:
 CardTable entry size: 512
 Card Set container configuration: InlinePtr #cards 4 size 8 Array Of Cards #cards 32 size 80 Howl #buckets 8 coarsen threshold 7372 Howl Bitmap #cards 1024 size 144 coarsen threshold 921 Card regions per heap region 1 cards per card region 8192
 CPUs: 4 total, 4 available
 Memory: 20380M
 Large Page Support: Disabled
 NUMA Support: Disabled
 Compressed Oops: Enabled (Zero based)
 Heap Region Size: 4M
 Heap Min Capacity: 8M
 Heap Initial Capacity: 320M
 Heap Max Capacity: 5096M
 Pre-touch: Disabled
 Parallel Workers: 4
 Concurrent Workers: 1
 Concurrent Refinement Workers: 4
 Periodic GC: Disabled
Heap:
 garbage-first heap   total 110592K, used 36027K [0x00000006c1800000, 0x0000000800000000)
  region size 4096K, 4 young (16384K), 2 survivors (8192K)
 Metaspace       used 48407K, committed 49088K, reserved 1114112K
  class space    used 5685K, committed 6016K, reserved 1048576K
GC Heap History (18 events):
Event: 1.244 GC heap before
{Heap before GC invocations=0 (full 0):
 garbage-first heap   total 327680K, used 20480K [0x00000006c1800000, 0x0000000800000000)
  region size 4096K, 4 young (16384K), 0 survivors (0K)
 Metaspace       used 11936K, committed 12096K, reserved 1114112K
  class space    used 1021K, committed 1088K, reserved 1048576K
}
Event: 1.250 GC heap after
{Heap after GC invocations=1 (full 0):
 garbage-first heap   total 327680K, used 6654K [0x00000006c1800000, 0x0000000800000000)
  region size 4096K, 1 young (4096K), 1 survivors (4096K)
 Metaspace       used 11936K, committed 12096K, reserved 1114112K
  class space    used 1021K, committed 1088K, reserved 1048576K
}
Event: 1.590 GC heap before
{Heap before GC invocations=1 (full 0):
 garbage-first heap   total 327680K, used 14846K [0x00000006c1800000, 0x0000000800000000)
  region size 4096K, 4 young (16384K), 1 survivors (4096K)
 Metaspace       used 14922K, committed 15104K, reserved 1114112K
  class space    used 1429K, committed 1536K, reserved 1048576K
}
Event: 1.595 GC heap after
{Heap after GC invocations=2 (full 0):
 garbage-first heap   total 327680K, used 7556K [0x00000006c1800000, 0x0000000800000000)
  region size 4096K, 1 young (4096K), 1 survivors (4096K)
 Metaspace       used 14922K, committed 15104K, reserved 1114112K
  class space    used 1429K, committed 1536K, reserved 1048576K
}
Event: 2.318 GC heap before
{Heap before GC invocations=2 (full 0):
 garbage-first heap   total 327680K, used 23940K [0x00000006c1800000, 0x0000000800000000)
  region size 4096K, 6 young (24576K), 1 survivors (4096K)
 Metaspace       used 21307K, committed 21504K, reserved 1114112K
  class space    used 2166K, committed 2240K, reserved 1048576K
}
Event: 2.323 GC heap after
{Heap after GC invocations=3 (full 0):
 garbage-first heap   total 327680K, used 8629K [0x00000006c1800000, 0x0000000800000000)
  region size 4096K, 1 young (4096K), 1 survivors (4096K)
 Metaspace       used 21307K, committed 21504K, reserved 1114112K
  class space    used 2166K, committed 2240K, reserved 1048576K
}
Event: 6.283 GC heap before
{Heap before GC invocations=4 (full 0):
 garbage-first heap   total 40960K, used 37301K [0x00000006c1800000, 0x0000000800000000)
  region size 4096K, 8 young (32768K), 1 survivors (4096K)
 Metaspace       used 27550K, committed 27904K, reserved 1114112K
  class space    used 3183K, committed 3328K, reserved 1048576K
}
Event: 6.295 GC heap after
{Heap after GC invocations=5 (full 0):
 garbage-first heap   total 49152K, used 12374K [0x00000006c1800000, 0x0000000800000000)
  region size 4096K, 2 young (8192K), 2 survivors (8192K)
 Metaspace       used 27550K, committed 27904K, reserved 1114112K
  class space    used 3183K, committed 3328K, reserved 1048576K
}
Event: 7.361 GC heap before
{Heap before GC invocations=5 (full 0):
 garbage-first heap   total 49152K, used 28758K [0x00000006c1800000, 0x0000000800000000)
  region size 4096K, 7 young (28672K), 2 survivors (8192K)
 Metaspace       used 27696K, committed 28032K, reserved 1114112K
  class space    used 3183K, committed 3328K, reserved 1048576K
}
Event: 7.394 GC heap after
{Heap after GC invocations=6 (full 0):
 garbage-first heap   total 53248K, used 17024K [0x00000006c1800000, 0x0000000800000000)
  region size 4096K, 1 young (4096K), 1 survivors (4096K)
 Metaspace       used 27696K, committed 28032K, reserved 1114112K
  class space    used 3183K, committed 3328K, reserved 1048576K
}
Event: 9.059 GC heap before
{Heap before GC invocations=6 (full 0):
 garbage-first heap   total 53248K, used 37504K [0x00000006c1800000, 0x0000000800000000)
  region size 4096K, 6 young (24576K), 1 survivors (4096K)
 Metaspace       used 31105K, committed 31360K, reserved 1114112K
  class space    used 3771K, committed 3840K, reserved 1048576K
}
Event: 9.080 GC heap after
{Heap after GC invocations=7 (full 0):
 garbage-first heap   total 53248K, used 22776K [0x00000006c1800000, 0x0000000800000000)
  region size 4096K, 1 young (4096K), 1 survivors (4096K)
 Metaspace       used 31105K, committed 31360K, reserved 1114112K
  class space    used 3771K, committed 3840K, reserved 1048576K
}
Event: 10.614 GC heap before
{Heap before GC invocations=7 (full 0):
 garbage-first heap   total 53248K, used 39160K [0x00000006c1800000, 0x0000000800000000)
  region size 4096K, 5 young (20480K), 1 survivors (4096K)
 Metaspace       used 33480K, committed 33664K, reserved 1114112K
  class space    used 4009K, committed 4096K, reserved 1048576K
}
Event: 10.629 GC heap after
{Heap after GC invocations=8 (full 0):
 garbage-first heap   total 192512K, used 26158K [0x00000006c1800000, 0x0000000800000000)
  region size 4096K, 1 young (4096K), 1 survivors (4096K)
 Metaspace       used 33480K, committed 33664K, reserved 1114112K
  class space    used 4009K, committed 4096K, reserved 1048576K
}
Event: 12.679 GC heap before
{Heap before GC invocations=8 (full 0):
 garbage-first heap   total 192512K, used 38446K [0x00000006c1800000, 0x0000000800000000)
  region size 4096K, 6 young (24576K), 1 survivors (4096K)
 Metaspace       used 35739K, committed 35968K, reserved 1114112K
  class space    used 4229K, committed 4288K, reserved 1048576K
}
Event: 12.685 GC heap after
{Heap after GC invocations=9 (full 0):
 garbage-first heap   total 192512K, used 27432K [0x00000006c1800000, 0x0000000800000000)
  region size 4096K, 2 young (8192K), 2 survivors (8192K)
 Metaspace       used 35739K, committed 35968K, reserved 1114112K
  class space    used 4229K, committed 4288K, reserved 1048576K
}
Event: 16.620 GC heap before
{Heap before GC invocations=10 (full 0):
 garbage-first heap   total 110592K, used 84776K [0x00000006c1800000, 0x0000000800000000)
  region size 4096K, 16 young (65536K), 2 survivors (8192K)
 Metaspace       used 48209K, committed 48896K, reserved 1114112K
  class space    used 5681K, committed 6016K, reserved 1048576K
}
Event: 16.636 GC heap after
{Heap after GC invocations=11 (full 0):
 garbage-first heap   total 110592K, used 31931K [0x00000006c1800000, 0x0000000800000000)
  region size 4096K, 2 young (8192K), 2 survivors (8192K)
 Metaspace       used 48209K, committed 48896K, reserved 1114112K
  class space    used 5681K, committed 6016K, reserved 1048576K
}

